<?xml version="1.0" encoding="UTF-8"?>
<<<<<<< HEAD
<testsuite xmlns:xsi="http://www.w3.org/2001/XMLSchema-instance" xsi:noNamespaceSchemaLocation="https://maven.apache.org/surefire/maven-surefire-plugin/xsd/surefire-test-report.xsd" name="COMP3004.TableTest" time="0.003" tests="3" errors="0" skipped="0" failures="0">
=======
<testsuite xmlns:xsi="http://www.w3.org/2001/XMLSchema-instance" xsi:noNamespaceSchemaLocation="https://maven.apache.org/surefire/maven-surefire-plugin/xsd/surefire-test-report.xsd" name="COMP3004.TableTest" time="0.017" tests="3" errors="0" skipped="0" failures="0">
>>>>>>> 7c7aac4647e2c7a9adbe65033ab11f26c261591d
  <properties>
    <property name="awt.toolkit" value="sun.awt.X11.XToolkit"/>
    <property name="file.encoding.pkg" value="sun.io"/>
    <property name="java.specification.version" value="1.8"/>
    <property name="sun.cpu.isalist" value=""/>
    <property name="sun.jnu.encoding" value="UTF-8"/>
    <property name="java.class.path" value="/home/aidancrowther/Documents/Projects/Scrummy/TileRummy/target/test-classes:/home/aidancrowther/Documents/Projects/Scrummy/TileRummy/target/classes:/home/aidancrowther/.m2/repository/junit/junit/4.11/junit-4.11.jar:/home/aidancrowther/.m2/repository/org/hamcrest/hamcrest-core/1.3/hamcrest-core-1.3.jar:"/>
    <property name="java.vm.vendor" value="Oracle Corporation"/>
    <property name="sun.arch.data.model" value="64"/>
    <property name="java.vendor.url" value="http://java.oracle.com/"/>
    <property name="user.timezone" value=""/>
    <property name="java.vm.specification.version" value="1.8"/>
    <property name="os.name" value="Linux"/>
    <property name="user.country" value="US"/>
    <property name="sun.java.launcher" value="SUN_STANDARD"/>
<<<<<<< HEAD
    <property name="sun.boot.library.path" value="C:\Program Files\Java\jdk1.8.0_181\jre\bin"/>
    <property name="sun.java.command" value="C:\Users\Al\AppData\Local\Temp\surefire4318471877324921107\surefirebooter8963927183589415982.jar C:\Users\Al\AppData\Local\Temp\surefire4318471877324921107 2018-10-25T15-17-16_101-jvmRun1 surefire4935520758631709098tmp surefire_05835117136678478414tmp"/>
    <property name="surefire.test.class.path" value="C:\3004\Scrummy\TileRummy\target\test-classes;C:\3004\Scrummy\TileRummy\target\classes;C:\Users\Al\.m2\repository\junit\junit\4.11\junit-4.11.jar;C:\Users\Al\.m2\repository\org\hamcrest\hamcrest-core\1.3\hamcrest-core-1.3.jar;"/>
=======
    <property name="sun.boot.library.path" value="/usr/lib/jvm/java-8-openjdk/jre/lib/amd64"/>
    <property name="sun.java.command" value="/home/aidancrowther/Documents/Projects/Scrummy/TileRummy/target/surefire/surefirebooter7046092390962457482.jar /home/aidancrowther/Documents/Projects/Scrummy/TileRummy/target/surefire 2018-10-25T15-17-33_095-jvmRun1 surefire8945251799186605002tmp surefire_0850758582832859736tmp"/>
    <property name="surefire.test.class.path" value="/home/aidancrowther/Documents/Projects/Scrummy/TileRummy/target/test-classes:/home/aidancrowther/Documents/Projects/Scrummy/TileRummy/target/classes:/home/aidancrowther/.m2/repository/junit/junit/4.11/junit-4.11.jar:/home/aidancrowther/.m2/repository/org/hamcrest/hamcrest-core/1.3/hamcrest-core-1.3.jar:"/>
>>>>>>> 7c7aac4647e2c7a9adbe65033ab11f26c261591d
    <property name="sun.cpu.endian" value="little"/>
    <property name="user.home" value="/home/aidancrowther"/>
    <property name="user.language" value="en"/>
    <property name="java.specification.vendor" value="Oracle Corporation"/>
    <property name="java.home" value="/usr/lib/jvm/java-8-openjdk/jre"/>
    <property name="basedir" value="/home/aidancrowther/Documents/Projects/Scrummy/TileRummy"/>
    <property name="file.separator" value="/"/>
    <property name="line.separator" value="&#10;"/>
    <property name="java.vm.specification.vendor" value="Oracle Corporation"/>
    <property name="java.specification.name" value="Java Platform API Specification"/>
<<<<<<< HEAD
    <property name="java.awt.graphicsenv" value="sun.awt.Win32GraphicsEnvironment"/>
    <property name="surefire.real.class.path" value="C:\Users\Al\AppData\Local\Temp\surefire4318471877324921107\surefirebooter8963927183589415982.jar"/>
    <property name="sun.boot.class.path" value="C:\Program Files\Java\jdk1.8.0_181\jre\lib\resources.jar;C:\Program Files\Java\jdk1.8.0_181\jre\lib\rt.jar;C:\Program Files\Java\jdk1.8.0_181\jre\lib\sunrsasign.jar;C:\Program Files\Java\jdk1.8.0_181\jre\lib\jsse.jar;C:\Program Files\Java\jdk1.8.0_181\jre\lib\jce.jar;C:\Program Files\Java\jdk1.8.0_181\jre\lib\charsets.jar;C:\Program Files\Java\jdk1.8.0_181\jre\lib\jfr.jar;C:\Program Files\Java\jdk1.8.0_181\jre\classes"/>
    <property name="user.script" value=""/>
=======
    <property name="java.awt.graphicsenv" value="sun.awt.X11GraphicsEnvironment"/>
    <property name="surefire.real.class.path" value="/home/aidancrowther/Documents/Projects/Scrummy/TileRummy/target/surefire/surefirebooter7046092390962457482.jar"/>
    <property name="sun.boot.class.path" value="/usr/lib/jvm/java-8-openjdk/jre/lib/resources.jar:/usr/lib/jvm/java-8-openjdk/jre/lib/rt.jar:/usr/lib/jvm/java-8-openjdk/jre/lib/sunrsasign.jar:/usr/lib/jvm/java-8-openjdk/jre/lib/jsse.jar:/usr/lib/jvm/java-8-openjdk/jre/lib/jce.jar:/usr/lib/jvm/java-8-openjdk/jre/lib/charsets.jar:/usr/lib/jvm/java-8-openjdk/jre/lib/jfr.jar:/usr/lib/jvm/java-8-openjdk/jre/classes"/>
>>>>>>> 7c7aac4647e2c7a9adbe65033ab11f26c261591d
    <property name="sun.management.compiler" value="HotSpot 64-Bit Tiered Compilers"/>
    <property name="java.runtime.version" value="1.8.0_181-b13"/>
    <property name="user.name" value="aidancrowther"/>
    <property name="path.separator" value=":"/>
    <property name="os.version" value="4.14.71-1-MANJARO"/>
    <property name="java.endorsed.dirs" value="/usr/lib/jvm/java-8-openjdk/jre/lib/endorsed"/>
    <property name="java.runtime.name" value="OpenJDK Runtime Environment"/>
    <property name="file.encoding" value="UTF-8"/>
    <property name="java.vm.name" value="OpenJDK 64-Bit Server VM"/>
    <property name="localRepository" value="/home/aidancrowther/.m2/repository"/>
    <property name="java.vendor.url.bug" value="http://bugreport.sun.com/bugreport/"/>
    <property name="java.io.tmpdir" value="/tmp"/>
    <property name="java.version" value="1.8.0_181"/>
    <property name="user.dir" value="/home/aidancrowther/Documents/Projects/Scrummy/TileRummy"/>
    <property name="os.arch" value="amd64"/>
    <property name="java.vm.specification.name" value="Java Virtual Machine Specification"/>
    <property name="java.awt.printerjob" value="sun.print.PSPrinterJob"/>
    <property name="sun.os.patch.level" value="unknown"/>
    <property name="java.library.path" value="/usr/java/packages/lib/amd64:/usr/lib64:/lib64:/lib:/usr/lib"/>
    <property name="java.vm.info" value="mixed mode"/>
    <property name="java.vendor" value="Oracle Corporation"/>
    <property name="java.vm.version" value="25.181-b13"/>
    <property name="java.ext.dirs" value="/usr/lib/jvm/java-8-openjdk/jre/lib/ext:/usr/java/packages/lib/ext"/>
    <property name="sun.io.unicode.encoding" value="UnicodeLittle"/>
    <property name="java.class.version" value="52.0"/>
  </properties>
<<<<<<< HEAD
  <testcase name="testAddMeld" classname="COMP3004.TableTest" time="0"/>
=======
  <testcase name="testAddMeld" classname="COMP3004.TableTest" time="0.002"/>
>>>>>>> 7c7aac4647e2c7a9adbe65033ab11f26c261591d
  <testcase name="testAddTile" classname="COMP3004.TableTest" time="0"/>
  <testcase name="testIsValid" classname="COMP3004.TableTest" time="0"/>
</testsuite>